---
id: RE-23
aliases:
  - re-23
tags:
  - re
  - x86
---

[[RE-TOC]]

Let's begin by loading the binary in GDB. We can then set a breakpoint on `_start`, and run `disas` to disassemble the program.

```bash
code/x86/23 on  main [!?⇡]
❯ gdb -q moving_immediate_data
Reading symbols from moving_immediate_data...
(No debugging symbols found in moving_immediate_data)
(gdb) b _start
Breakpoint 1 at 0x8049000
(gdb) r
Starting program: /home/agunthe1/projects/github/vaults/personal/RE/code/x86/23/moving_immediate_data

Breakpoint 1, 0x08049000 in _start ()
(gdb) disas
Dump of assembler code for function _start:
=> 0x08049000 <+0>:     nop
End of assembler dump.
```

We coded a `nop`, meaning **no operation**. This is a good practice for debugging purposes.

Running `si` (step into) will step 1 instruction forward.

```bash
(gdb) si
0x08049001 in mov_immediate_data_to_register ()
(gdb) disas
Dump of assembler code for function mov_immediate_data_to_register:
=> 0x08049001 <+0>:     mov    $0x64,%eax
   0x08049006 <+5>:     movb   $0x50,0x804a000
End of assembler dump.
```

At `_start+0`, we are moving the hex value of 0x64 into EAX. This is simply moving 100 into EAX.

We'll step into again, then run `i r`, which gives us the current state of the registers.

```bash
(gdb) si
0x08049006 in mov_immediate_data_to_register ()
(gdb) i r
eax            0x64                100
ecx            0x0                 0
edx            0x0                 0
ebx            0x0                 0
esp            0xffffc690          0xffffc690
ebp            0x0                 0x0
esi            0x0                 0
edi            0x0                 0
eip            0x8049006           0x8049006 <mov_immediate_data_to_register+5>
eflags         0x202               [ IF ]
cs             0x23                35
ss             0x2b                43
ds             0x2b                43
es             0x2b                43
fs             0x0                 0
gs             0x0                 0
```

We can see that EAX now contains 100.
