---
id: RE-24
aliases:
  - re-24
tags:
  - re
  - x86
---

[[RE-TOC]]

# ASM Hacking 1 - Moving immediate data

Let's begin by loading the binary in GDB:

```bash
code/x86/24 on  main [!?⇡]
❯ gdb -q moving_immediate_data
Reading symbols from moving_immediate_data...
(No debugging symbols found in moving_immediate_data)
(gdb)
```

Let’s first set a breakpoint on `_start` by typing `b _start`.

We can then run the program by typing `r`.

To then begin disassembly, we simply type `disas`.

```bash
code/x86/24 on  main [⇡]
❯ gdb -q moving_immediate_data
Reading symbols from moving_immediate_data...
(No debugging symbols found in moving_immediate_data)
(gdb) b _start
Breakpoint 1 at 0x8049000
(gdb) r
Starting program: /home/agunthe1/projects/github/vaults/personal/RE/code/x86/24/moving_immediate_data

Breakpoint 1, 0x08049000 in _start ()
(gdb) disas
Dump of assembler code for function _start:
=> 0x08049000 <+0>:     nop
End of assembler dump.
```

Now let's have some fun.

Let's run `si` and `i r` to confirm that 0x64 has been moved in EAX:

```bash
(gdb) si
0x08049001 in mov_immediate_data_to_register ()
(gdb) si
0x08049006 in mov_immediate_data_to_register ()
(gdb) i r
eax            0x64                100
ecx            0x0                 0
edx            0x0                 0
ebx            0x0                 0
esp            0xffffc690          0xffffc690
ebp            0x0                 0x0
esi            0x0                 0
edi            0x0                 0
eip            0x8049006           0x8049006 <mov_immediate_data_to_register+5>
eflags         0x202               [ IF ]
cs             0x23                35
ss             0x2b                43
ds             0x2b                43
es             0x2b                43
fs             0x0                 0
gs             0x0                 0
```

Let's hack that value by setting EAX to something like 0x66, by typing `set $eax = 0x66`.

```bash
(gdb) set $eax = 0x66
(gdb) i r
eax            0x66                102
ecx            0x0                 0
edx            0x0                 0
ebx            0x0                 0
esp            0xffffc690          0xffffc690
ebp            0x0                 0x0
esi            0x0                 0
edi            0x0                 0
eip            0x8049006           0x8049006 <mov_immediate_data_to_register+5>
eflags         0x202               [ IF ]
cs             0x23                35
ss             0x2b                43
ds             0x2b                43
es             0x2b                43
fs             0x0                 0
gs             0x0                 0
```
