---
id: RE-27
aliases:
  - re-27
tags:
  - re
  - x86
---

[[RE-TOC]]

# ASM Hacking 2 - Moving data between registers

```bash
code/x86/27 on  main [!?⇡]
❯ gdb -q moving_data_between_registers
Reading symbols from moving_data_between_registers...
(No debugging symbols found in moving_data_between_registers)
(gdb) b _start
Breakpoint 1 at 0x8049000
(gdb) r
Starting program: /home/agunthe1/projects/github/vaults/personal/RE/code/x86/27/moving_data_between_registers

Breakpoint 1, 0x08049000 in _start ()
(gdb) disas
Dump of assembler code for function _start:
=> 0x08049000 <+0>:     nop
   0x08049001 <+1>:     mov    $0x16,%edx
End of assembler dump.
(gdb) si
0x08049001 in _start ()
(gdb) si
0x08049006 in mov_data_between_registers ()
(gdb) i r
eax            0x0                 0
ecx            0x0                 0
edx            0x16                22
ebx            0x0                 0
esp            0xffffc670          0xffffc670
ebp            0x0                 0x0
esi            0x0                 0
edi            0x0                 0
eip            0x8049006           0x8049006 <mov_data_between_registers>
eflags         0x202               [ IF ]
cs             0x23                35
ss             0x2b                43
ds             0x2b                43
es             0x2b                43
fs             0x0                 0
gs             0x0                 0
(gdb) set $edx = 0x19
(gdb) i r
eax            0x0                 0
ecx            0x0                 0
edx            0x19                25
ebx            0x0                 0
esp            0xffffc670          0xffffc670
ebp            0x0                 0x0
esi            0x0                 0
edi            0x0                 0
eip            0x8049006           0x8049006 <mov_data_between_registers>
eflags         0x202               [ IF ]
cs             0x23                35
ss             0x2b                43
ds             0x2b                43
es             0x2b                43
fs             0x0                 0
gs             0x0                 0
(gdb) si
0x08049008 in exit ()
(gdb) i r
eax            0x19                25
ecx            0x0                 0
edx            0x19                25
ebx            0x0                 0
esp            0xffffc670          0xffffc670
ebp            0x0                 0x0
esi            0x0                 0
edi            0x0                 0
eip            0x8049008           0x8049008 <exit>
eflags         0x202               [ IF ]
cs             0x23                35
ss             0x2b                43
ds             0x2b                43
es             0x2b                43
fs             0x0                 0
gs             0x0                 0
```

[[RE-28]]
