---
id: RE-30
aliases:
  - re-30
tags:
  - re
  - x86
---

[[RE-TOC]]

# ASM Hacking 3 - Moving data between memory and registers

```bash
code/x86/30 on  main [!?⇡]
❯ gdb -q moving_data_between_memory_and_registers
Reading symbols from moving_data_between_memory_and_registers...
(No debugging symbols found in moving_data_between_memory_and_registers)
(gdb) b _start
Breakpoint 1 at 0x8049000
(gdb) r
Starting program: /home/agunthe1/projects/github/vaults/personal/RE/code/x86/30/moving_data_between_memory_and_registers

Breakpoint 1, 0x08049000 in _start ()
(gdb) i r
eax            0x0                 0
ecx            0x0                 0
edx            0x0                 0
ebx            0x0                 0
esp            0xffffc650          0xffffc650
ebp            0x0                 0x0
esi            0x0                 0
edi            0x0                 0
eip            0x8049000           0x8049000 <_start>
eflags         0x202               [ IF ]
cs             0x23                35
ss             0x2b                43
ds             0x2b                43
es             0x2b                43
fs             0x0                 0
gs             0x0                 0
(gdb) si
0x08049001 in mov_data_between_memory_and_registers ()
(gdb) si
0x08049007 in exit ()
(gdb) disas
Dump of assembler code for function exit:
=> 0x08049007 <+0>:     mov    $0x1,%eax
   0x0804900c <+5>:     mov    $0x0,%ebx
   0x08049011 <+10>:    int    $0x80
End of assembler dump.
(gdb) i r
eax            0x0                 0
ecx            0xa                 10
edx            0x0                 0
ebx            0x0                 0
esp            0xffffc650          0xffffc650
ebp            0x0                 0x0
esi            0x0                 0
edi            0x0                 0
eip            0x8049007           0x8049007 <exit>
eflags         0x202               [ IF ]
cs             0x23                35
ss             0x2b                43
ds             0x2b                43
es             0x2b                43
fs             0x0                 0
gs             0x0                 0
(gdb) set $ecx = 1337
(gdb) i r
eax            0x0                 0
ecx            0x539               1337
edx            0x0                 0
ebx            0x0                 0
esp            0xffffc650          0xffffc650
ebp            0x0                 0x0
esi            0x0                 0
edi            0x0                 0
eip            0x8049007           0x8049007 <exit>
eflags         0x202               [ IF ]
cs             0x23                35
ss             0x2b                43
ds             0x2b                43
es             0x2b                43
fs             0x0                 0
gs             0x0                 0
```

[[RE-31]]
